<?xml version="1.0" encoding="UTF-8"?>
<!-- Generated by org.testng.reporters.JUnitReportReporter -->
<testsuite hostname="DESKTOP-C1NP1SP" failures="0" tests="1" name="org.good1.InamkesTestNG" time="10.719" errors="0" timestamp="2024-08-28T18:42:39 IST" skipped="0">
  <testcase classname="org.good1.InamkesTestNG" name="LaunchTheApplicationTC1" time="10.719"/>
  <system-out/>
</testsuite> <!-- org.good1.InamkesTestNG -->
